<?xml version="1.0" encoding="UTF-8" ?>
<testsuite tests="1" failures="0" name="BranchCoverageTest" time="0.001" errors="0" skipped="0">
  <properties>
    <property name="java.runtime.name" value="Java(TM) SE Runtime Environment"/>
    <property name="sun.boot.library.path" value="D:\software\jre\bin"/>
    <property name="java.vm.version" value="25.131-b11"/>
    <property name="java.vm.vendor" value="Oracle Corporation"/>
    <property name="maven.multiModuleProjectDirectory" value="D:\sonar-scanning-examples-master\sonar-scanning-examples-master\sonarqube-scanner-maven\StudyJcoco"/>
    <property name="java.vendor.url" value="http://java.oracle.com/"/>
    <property name="path.separator" value=";"/>
    <property name="guice.disable.misplaced.annotation.check" value="true"/>
    <property name="java.vm.name" value="Java HotSpot(TM) 64-Bit Server VM"/>
    <property name="file.encoding.pkg" value="sun.io"/>
    <property name="user.script" value=""/>
    <property name="user.country" value="CN"/>
    <property name="sun.java.launcher" value="SUN_STANDARD"/>
    <property name="sun.os.patch.level" value="Service Pack 1"/>
    <property name="java.vm.specification.name" value="Java Virtual Machine Specification"/>
    <property name="user.dir" value="D:\sonar-scanning-examples-master\sonar-scanning-examples-master\sonarqube-scanner-maven\StudyJcoco"/>
    <property name="java.runtime.version" value="1.8.0_131-b11"/>
    <property name="java.awt.graphicsenv" value="sun.awt.Win32GraphicsEnvironment"/>
    <property name="java.endorsed.dirs" value="D:\software\jre\lib\endorsed"/>
    <property name="os.arch" value="amd64"/>
    <property name="java.io.tmpdir" value="C:\Users\jh\AppData\Local\Temp\"/>
    <property name="line.separator" value="
"/>
    <property name="java.vm.specification.vendor" value="Oracle Corporation"/>
    <property name="user.variant" value=""/>
    <property name="os.name" value="Windows 7"/>
    <property name="classworlds.conf" value="D:\maven-copy\apache-maven-3.6.0-bin\apache-maven-3.6.0\bin\..\bin\m2.conf"/>
    <property name="sun.jnu.encoding" value="GBK"/>
    <property name="java.library.path" value="D:\software\bin;C:\Windows\Sun\Java\bin;C:\Windows\system32;C:\Windows;D:\python\Scripts\;D:\python\;C:\ProgramData\Oracle\Java\javapath;D:\software\bin;C:\Windows\system32;C:\Windows;C:\Windows\System32\Wbem;C:\Windows\System32\WindowsPowerShell\v1.0\;C:\Program Files\Intel\WiFi\bin\;C:\Program Files\Common Files\Intel\WirelessCommon\;C:\Program Files\Lenovo\Fingerprint Manager Pro\;D:\software\bin;D:\software\jre\bin;D:\Git\cmd;D:\TortoiseGit\bin;C:\Windows\system32;C:\Windows;C:\Windows\System32\Wbem;D:\nodes\;D:\android-sdk_r24.4.1-windows\android-sdk-windows\platform-tools;D:\android-sdk_r24.4.1-windows\android-sdk-windows\tools;D:\android-sdk_r24.4.1-windows\android-sdk-windows\build-tools\29.0.0;D:\maven-copy\apache-maven-3.6.0-bin\apache-maven-3.6.0\bin;C:\Users\jh\AppData\Local\Google\Chrome\Application;D:\allure-commandline-2.12.1\allure-2.12.1\bin;D:\apache-ant-1.9.14-bin\apache-ant-1.9.14\bin;D:\sonar\sonar-scanner\bin;D:\python\Scripts;C:\Program Files\Intel\WiFi\bin\;C:\Program Files\Common Files\Intel\WirelessCommon\;D:\pycharm\PyCharm Community Edition 2019.1.1\bin;D:\fiddler;D:\pycharm\PyCharm Community Edition 2018.3.3\bin;D:\intellij idea 2019\IntelliJ IDEA Community Edition 2019.1.2\bin;%D:\elasticsearch-7.1.0-windows-x86_64\elasticsearch-7.1.0\bin%;C:\Users\jh\AppData\Roaming\npm;D:\pycharm2019\PyCharm 2019.2.3\bin;C:\Users\jh\AppData\Local\BypassRuntm;."/>
    <property name="maven.conf" value="D:\maven-copy\apache-maven-3.6.0-bin\apache-maven-3.6.0\bin\../conf"/>
    <property name="java.specification.name" value="Java Platform API Specification"/>
    <property name="java.class.version" value="52.0"/>
    <property name="sun.management.compiler" value="HotSpot 64-Bit Tiered Compilers"/>
    <property name="os.version" value="6.1"/>
    <property name="library.jansi.path" value="D:\maven-copy\apache-maven-3.6.0-bin\apache-maven-3.6.0\bin\..\lib\jansi-native"/>
    <property name="user.home" value="C:\Users\jh"/>
    <property name="user.timezone" value="Asia/Shanghai"/>
    <property name="java.awt.printerjob" value="sun.awt.windows.WPrinterJob"/>
    <property name="java.specification.version" value="1.8"/>
    <property name="file.encoding" value="UTF-8"/>
    <property name="user.name" value="jh"/>
    <property name="java.class.path" value="D:\maven-copy\apache-maven-3.6.0-bin\apache-maven-3.6.0\bin\..\boot\plexus-classworlds-2.5.2.jar"/>
    <property name="java.vm.specification.version" value="1.8"/>
    <property name="sun.arch.data.model" value="64"/>
    <property name="java.home" value="D:\software\jre"/>
    <property name="sun.java.command" value="org.codehaus.plexus.classworlds.launcher.Launcher test"/>
    <property name="java.specification.vendor" value="Oracle Corporation"/>
    <property name="user.language" value="zh"/>
    <property name="awt.toolkit" value="sun.awt.windows.WToolkit"/>
    <property name="java.vm.info" value="mixed mode"/>
    <property name="java.version" value="1.8.0_131"/>
    <property name="java.ext.dirs" value="D:\software\jre\lib\ext;C:\Windows\Sun\Java\lib\ext"/>
    <property name="sun.boot.class.path" value="D:\software\jre\lib\resources.jar;D:\software\jre\lib\rt.jar;D:\software\jre\lib\sunrsasign.jar;D:\software\jre\lib\jsse.jar;D:\software\jre\lib\jce.jar;D:\software\jre\lib\charsets.jar;D:\software\jre\lib\jfr.jar;D:\software\jre\classes"/>
    <property name="sun.stderr.encoding" value="ms936"/>
    <property name="java.vendor" value="Oracle Corporation"/>
    <property name="maven.home" value="D:\maven-copy\apache-maven-3.6.0-bin\apache-maven-3.6.0\bin\.."/>
    <property name="file.separator" value="\"/>
    <property name="java.vendor.url.bug" value="http://bugreport.sun.com/bugreport/"/>
    <property name="sun.cpu.endian" value="little"/>
    <property name="sun.io.unicode.encoding" value="UnicodeLittle"/>
    <property name="sun.stdout.encoding" value="ms936"/>
    <property name="sun.desktop" value="windows"/>
    <property name="sun.cpu.isalist" value="amd64"/>
  </properties>
  <testcase classname="BranchCoverageTest" name="BranchCoverageTest.testBranchCoverage" time="0.001"/>
</testsuite>